0 info it worked if it ends with ok
1 verbose cli [ '/usr/local/Cellar/node/6.7.0/bin/node',
1 verbose cli   '/usr/local/bin/npm',
1 verbose cli   'run',
1 verbose cli   'build' ]
2 info using npm@3.10.7
3 info using node@v6.7.0
4 verbose run-script [ 'prebuild', 'build', 'postbuild' ]
5 info lifecycle element-starter@~prebuild: element-starter@
6 silly lifecycle element-starter@~prebuild: no script for prebuild, continuing
7 info lifecycle element-starter@~build: element-starter@
8 verbose lifecycle element-starter@~build: unsafe-perm in lifecycle true
9 verbose lifecycle element-starter@~build: PATH: /usr/local/lib/node_modules/npm/bin/node-gyp-bin:/Users/zhukaihao/Desktop/软件杯/提交作品/source-code/desktop-admin-app/node_modules/.bin:/usr/local/Cellar/node/6.7.0/bin:/opt/local/sbin:/opt/local/bin:/usr/local/Cellar/php55/5.5.38_12/bin:/usr/local/bin:/usr/bin:/bin:/usr/sbin:/sbin:/Users/zhukaihao/anaconda2/bin:/usr/bin:/bin:/usr/sbin:/sbin
10 verbose lifecycle element-starter@~build: CWD: /Users/zhukaihao/Desktop/软件杯/提交作品/source-code/desktop-admin-app
11 silly lifecycle element-starter@~build: Args: [ '-c', 'rimraf dist && webpack -p --progress --hide-modules' ]
12 silly lifecycle element-starter@~build: Returned: code: 2  signal: null
13 info lifecycle element-starter@~build: Failed to exec build script
14 verbose stack Error: element-starter@ build: `rimraf dist && webpack -p --progress --hide-modules`
14 verbose stack Exit status 2
14 verbose stack     at EventEmitter.<anonymous> (/usr/local/lib/node_modules/npm/lib/utils/lifecycle.js:255:16)
14 verbose stack     at emitTwo (events.js:106:13)
14 verbose stack     at EventEmitter.emit (events.js:191:7)
14 verbose stack     at ChildProcess.<anonymous> (/usr/local/lib/node_modules/npm/lib/utils/spawn.js:40:14)
14 verbose stack     at emitTwo (events.js:106:13)
14 verbose stack     at ChildProcess.emit (events.js:191:7)
14 verbose stack     at maybeClose (internal/child_process.js:877:16)
14 verbose stack     at Process.ChildProcess._handle.onexit (internal/child_process.js:226:5)
15 verbose pkgid element-starter@
16 verbose cwd /Users/zhukaihao/Desktop/软件杯/提交作品/source-code/desktop-admin-app
17 error Darwin 16.6.0
18 error argv "/usr/local/Cellar/node/6.7.0/bin/node" "/usr/local/bin/npm" "run" "build"
19 error node v6.7.0
20 error npm  v3.10.7
21 error code ELIFECYCLE
22 error element-starter@ build: `rimraf dist && webpack -p --progress --hide-modules`
22 error Exit status 2
23 error Failed at the element-starter@ build script 'rimraf dist && webpack -p --progress --hide-modules'.
23 error Make sure you have the latest version of node.js and npm installed.
23 error If you do, this is most likely a problem with the element-starter package,
23 error not with npm itself.
23 error Tell the author that this fails on your system:
23 error     rimraf dist && webpack -p --progress --hide-modules
23 error You can get information on how to open an issue for this project with:
23 error     npm bugs element-starter
23 error Or if that isn't available, you can get their info via:
23 error     npm owner ls element-starter
23 error There is likely additional logging output above.
24 verbose exit [ 1, true ]
